[INFO ] 2022-07-01 13:02:00.126 [main] Logs -product name entered
[INFO ] 2022-07-01 13:03:04.408 [main] Logs -product name entered
[INFO ] 2022-07-01 13:03:49.333 [main] Logs -product name entered
[INFO ] 2022-07-01 13:03:51.625 [main] Logs - product searched
[INFO ] 2022-07-01 13:03:56.404 [main] Logs -product clicked
[INFO ] 2022-07-01 13:03:57.637 [main] Logs -tab closed
[INFO ] 2022-07-01 13:04:56.370 [main] Logs -product name entered
[INFO ] 2022-07-01 13:04:58.605 [main] Logs - product searched
[INFO ] 2022-07-01 13:05:03.296 [main] Logs -product clicked
[INFO ] 2022-07-01 13:05:04.577 [main] Logs -tab closed
[INFO ] 2022-07-03 01:31:08.504 [main] Logs -product name entered
[INFO ] 2022-07-03 01:31:10.225 [main] Logs - product searched
[INFO ] 2022-07-03 01:31:14.153 [main] Logs -product clicked
[INFO ] 2022-07-03 01:31:16.285 [main] Logs -tab closed
[INFO ] 2022-07-03 01:31:20.842 [main] Logs -added to the cart
[INFO ] 2022-07-03 01:34:07.324 [main] Logs -product name entered
[INFO ] 2022-07-03 01:34:08.969 [main] Logs - product searched
[INFO ] 2022-07-03 01:34:13.923 [main] Logs -product clicked
[INFO ] 2022-07-03 01:34:15.753 [main] Logs -tab closed
[INFO ] 2022-07-03 01:34:19.370 [main] Logs -added to the cart
[INFO ] 2022-07-03 01:37:47.988 [main] Logs -product name entered
[INFO ] 2022-07-03 01:37:49.911 [main] Logs - product searched
[INFO ] 2022-07-03 01:37:53.163 [main] Logs -product clicked
[INFO ] 2022-07-03 01:37:55.336 [main] Logs -tab closed
[INFO ] 2022-07-03 01:37:59.558 [main] Logs -added to the cart
[INFO ] 2022-07-03 01:39:21.242 [main] Logs -product name entered
[INFO ] 2022-07-03 01:39:23.129 [main] Logs - product searched
[INFO ] 2022-07-03 01:39:27.684 [main] Logs -product clicked
[INFO ] 2022-07-03 01:39:28.842 [main] Logs -tab closed
[INFO ] 2022-07-03 01:39:33.124 [main] Logs -added to the cart
[INFO ] 2022-07-03 01:40:54.380 [main] Logs -product name entered
[INFO ] 2022-07-03 01:40:56.077 [main] Logs - product searched
[INFO ] 2022-07-03 01:41:02.456 [main] Logs -product clicked
[INFO ] 2022-07-03 01:41:04.559 [main] Logs -tab closed
[INFO ] 2022-07-03 01:41:09.153 [main] Logs -added to the cart
[INFO ] 2022-07-03 01:45:55.957 [main] Logs -product name entered
[INFO ] 2022-07-03 01:45:57.697 [main] Logs - product searched
[INFO ] 2022-07-03 01:46:01.618 [main] Logs -product clicked
[INFO ] 2022-07-03 01:46:02.972 [main] Logs -tab closed
[INFO ] 2022-07-03 01:46:06.359 [main] Logs -added to the cart
[INFO ] 2022-07-03 01:52:25.746 [main] Logs -product name entered
[INFO ] 2022-07-03 01:52:27.433 [main] Logs - product searched
[INFO ] 2022-07-03 01:52:31.408 [main] Logs -product clicked
[INFO ] 2022-07-03 01:52:33.220 [main] Logs -tab closed
[INFO ] 2022-07-03 01:52:37.927 [main] Logs -added to the cart
[INFO ] 2022-07-03 01:56:32.092 [main] Logs -product name entered
[INFO ] 2022-07-03 01:56:33.793 [main] Logs - product searched
[INFO ] 2022-07-03 01:56:37.669 [main] Logs -product clicked
[INFO ] 2022-07-03 01:56:38.956 [main] Logs -tab closed
[INFO ] 2022-07-03 01:56:43.170 [main] Logs -added to the cart
[INFO ] 2022-07-03 02:04:46.415 [main] Logs -product name entered
[INFO ] 2022-07-03 02:04:48.195 [main] Logs - product searched
[INFO ] 2022-07-03 02:04:51.637 [main] Logs -product clicked
[INFO ] 2022-07-03 02:04:53.331 [main] Logs -tab closed
[INFO ] 2022-07-03 02:04:56.980 [main] Logs -added to the cart
[INFO ] 2022-07-03 02:05:46.379 [main] Logs -product name entered
[INFO ] 2022-07-03 02:05:47.911 [main] Logs - product searched
[INFO ] 2022-07-03 02:05:52.427 [main] Logs -product clicked
[INFO ] 2022-07-03 02:05:53.502 [main] Logs -tab closed
[INFO ] 2022-07-03 02:05:57.510 [main] Logs -added to the cart
[INFO ] 2022-07-03 14:05:35.965 [main] Logs -product name entered
[INFO ] 2022-07-03 14:05:43.668 [main] Logs - product searched
[INFO ] 2022-07-03 14:07:48.500 [main] Logs -product name entered
[INFO ] 2022-07-03 14:07:53.314 [main] Logs - product searched
[INFO ] 2022-07-03 14:08:50.596 [main] Logs -product name entered
[INFO ] 2022-07-03 14:08:53.406 [main] Logs - product searched
[INFO ] 2022-07-03 14:09:00.220 [main] Logs -product clicked
[INFO ] 2022-07-03 14:09:00.907 [main] Logs -tab closed
[INFO ] 2022-07-03 14:09:04.919 [main] Logs -added to the cart
[INFO ] 2022-07-03 14:14:26.103 [main] Logs -product name entered
[INFO ] 2022-07-03 14:14:31.578 [main] Logs - product searched
[INFO ] 2022-07-03 14:14:48.326 [main] Logs -product clicked
[INFO ] 2022-07-03 14:14:48.638 [main] Logs -tab closed
[INFO ] 2022-07-03 14:14:55.767 [main] Logs -added to the cart
[INFO ] 2022-07-03 14:40:25.882 [main] Logs -product name entered
[INFO ] 2022-07-03 14:40:30.225 [main] Logs - product searched
[INFO ] 2022-07-03 14:40:46.322 [main] Logs -product clicked
[INFO ] 2022-07-03 14:40:46.867 [main] Logs -tab closed
[INFO ] 2022-07-03 14:40:54.031 [main] Logs -added to the cart
